<?xml version="1.0" encoding="UTF-8" ?>
<testsuite tests="37" failures="0" name="CucumberRunner" time="86.141" errors="8" skipped="25">
  <properties>
[...]
</properties>
  <testcase classname="| 450000 | 10 | 5 | Bi-Weekly | 6500 |  | Must be a value between 0 and 40% |" name="Given User have Application url to launch" time="0.001"/>
  <testcase classname="| 450000 | 10 | 5 | Bi-Weekly | 6500 |  | Must be a value between 0 and 40% |" name="When User enters Outstanding Balance as &quot;450000&quot;" time="0.002">
    <error message="no such element: Unable to locate element: {&quot;method&quot;:&quot;name&quot;,&quot;selector&quot;:&quot;txtOutstandingBal&quot;}
  (Session info: chrome=73.0.3683.86)
  (Driver info: chromedriver=2.41.578737 (49da6702b16031c40d63e5618de03a32ff6c197e),platform=Windows NT 6.1.7601 SP1 x86_64) (WARNING: The server did not provide any stacktrace information)
Command duration or timeout: 0 milliseconds
For documentation on this error, please visit: http://seleniumhq.org/exceptions/no_such_element.html
Build info: version: &apos;3.5.3&apos;, revision: &apos;a88d25fe6b&apos;, time: &apos;2017-08-29T12:42:44.417Z&apos;
System info: host: &apos;WKWIN5337880&apos;, ip: &apos;10.0.0.4&apos;, os.name: &apos;Windows 7&apos;, os.arch: &apos;amd64&apos;, os.version: &apos;6.1&apos;, java.version: &apos;1.8.0_73&apos;
Driver info: org.openqa.selenium.chrome.ChromeDriver
Capabilities [{mobileEmulationEnabled=false, hasTouchScreen=false, platform=XP, acceptSslCerts=false, goog:chromeOptions={debuggerAddress=localhost:51356}, acceptInsecureCerts=false, webStorageEnabled=true, browserName=chrome, takesScreenshot=true, javascriptEnabled=true, platformName=XP, setWindowRect=true, unexpectedAlertBehaviour=, applicationCacheEnabled=false, rotatable=false, networkConnectionEnabled=false, chrome={chromedriverVersion=2.41.578737 (49da6702b16031c40d63e5618de03a32ff6c197e), userDataDir=C:\Users\hgup22\AppData\Local\Temp\scoped_dir11648_27829}, takesHeapSnapshot=true, unhandledPromptBehavior=, pageLoadStrategy=normal, databaseEnabled=false, handlesAlerts=true, version=73.0.3683.86, browserConnectionEnabled=false, nativeEvents=true, locationContextEnabled=true, cssSelectorsEnabled=true}]
Session ID: 4d0c0fabb48d1aa095a39fc7af16ef8d
*** Element info: {Using=name, value=txtOutstandingBal}" type="org.openqa.selenium.NoSuchElementException">org.openqa.selenium.NoSuchElementException: no such element: Unable to locate element: {&quot;method&quot;:&quot;name&quot;,&quot;selector&quot;:&quot;txtOutstandingBal&quot;}
  (Session info: chrome=73.0.3683.86)
  (Driver info: chromedriver=2.41.578737 (49da6702b16031c40d63e5618de03a32ff6c197e),platform=Windows NT 6.1.7601 SP1 x86_64) (WARNING: The server did not provide any stacktrace information)
Command duration or timeout: 0 milliseconds
For documentation on this error, please visit: http://seleniumhq.org/exceptions/no_such_element.html
Build info: version: &apos;3.5.3&apos;, revision: &apos;a88d25fe6b&apos;, time: &apos;2017-08-29T12:42:44.417Z&apos;
System info: host: &apos;WKWIN5337880&apos;, ip: &apos;10.0.0.4&apos;, os.name: &apos;Windows 7&apos;, os.arch: &apos;amd64&apos;, os.version: &apos;6.1&apos;, java.version: &apos;1.8.0_73&apos;
Driver info: org.openqa.selenium.chrome.ChromeDriver
Capabilities [{mobileEmulationEnabled=false, hasTouchScreen=false, platform=XP, acceptSslCerts=false, goog:chromeOptions={debuggerAddress=localhost:51356}, acceptInsecureCerts=false, webStorageEnabled=true, browserName=chrome, takesScreenshot=true, javascriptEnabled=true, platformName=XP, setWindowRect=true, unexpectedAlertBehaviour=, applicationCacheEnabled=false, rotatable=false, networkConnectionEnabled=false, chrome={chromedriverVersion=2.41.578737 (49da6702b16031c40d63e5618de03a32ff6c197e), userDataDir=C:\Users\hgup22\AppData\Local\Temp\scoped_dir11648_27829}, takesHeapSnapshot=true, unhandledPromptBehavior=, pageLoadStrategy=normal, databaseEnabled=false, handlesAlerts=true, version=73.0.3683.86, browserConnectionEnabled=false, nativeEvents=true, locationContextEnabled=true, cssSelectorsEnabled=true}]
Session ID: 4d0c0fabb48d1aa095a39fc7af16ef8d
*** Element info: {Using=name, value=txtOutstandingBal}
	at sun.reflect.NativeConstructorAccessorImpl.newInstance0(Native Method)
	at sun.reflect.NativeConstructorAccessorImpl.newInstance(NativeConstructorAccessorImpl.java:62)
	at sun.reflect.DelegatingConstructorAccessorImpl.newInstance(DelegatingConstructorAccessorImpl.java:45)
	at java.lang.reflect.Constructor.newInstance(Constructor.java:422)
	at org.openqa.selenium.remote.ErrorHandler.createThrowable(ErrorHandler.java:215)
	at org.openqa.selenium.remote.ErrorHandler.throwIfResponseFailed(ErrorHandler.java:167)
	at org.openqa.selenium.remote.http.JsonHttpResponseCodec.reconstructValue(JsonHttpResponseCodec.java:40)
	at org.openqa.selenium.remote.http.AbstractHttpResponseCodec.decode(AbstractHttpResponseCodec.java:82)
	at org.openqa.selenium.remote.http.AbstractHttpResponseCodec.decode(AbstractHttpResponseCodec.java:45)
	at org.openqa.selenium.remote.HttpCommandExecutor.execute(HttpCommandExecutor.java:164)
	at org.openqa.selenium.remote.service.DriverCommandExecutor.execute(DriverCommandExecutor.java:82)
	at org.openqa.selenium.remote.RemoteWebDriver.execute(RemoteWebDriver.java:646)
	at org.openqa.selenium.remote.RemoteWebDriver.findElement(RemoteWebDriver.java:416)
	at org.openqa.selenium.remote.RemoteWebDriver.findElementByName(RemoteWebDriver.java:494)
	at org.openqa.selenium.By$ByName.findElement(By.java:303)
	at org.openqa.selenium.remote.RemoteWebDriver.findElement(RemoteWebDriver.java:408)
	at featuresSteps.Steps.user_enters_Outstanding_Balance_as(Steps.java:32)
	at ✽.When User enters Outstanding Balance as &quot;450000&quot;(PrepaymentChargeCalculator.feature:5)
</error>
  </testcase>
  <testcase classname="| 450000 | 10 | 5 | Bi-Weekly | 6500 |  | Must be a value between 0 and 40% |" name="| 450000 | 10 | 5 | Bi-Weekly | 6500 |  | Must be a value between 0 and 40% |" time="0.002">
    <error message="no such element: Unable to locate element: {&quot;method&quot;:&quot;name&quot;,&quot;selector&quot;:&quot;txtOutstandingBal&quot;}
  (Session info: chrome=73.0.3683.86)
  (Driver info: chromedriver=2.41.578737 (49da6702b16031c40d63e5618de03a32ff6c197e),platform=Windows NT 6.1.7601 SP1 x86_64) (WARNING: The server did not provide any stacktrace information)
Command duration or timeout: 0 milliseconds
For documentation on this error, please visit: http://seleniumhq.org/exceptions/no_such_element.html
Build info: version: &apos;3.5.3&apos;, revision: &apos;a88d25fe6b&apos;, time: &apos;2017-08-29T12:42:44.417Z&apos;
System info: host: &apos;WKWIN5337880&apos;, ip: &apos;10.0.0.4&apos;, os.name: &apos;Windows 7&apos;, os.arch: &apos;amd64&apos;, os.version: &apos;6.1&apos;, java.version: &apos;1.8.0_73&apos;
Driver info: org.openqa.selenium.chrome.ChromeDriver
Capabilities [{mobileEmulationEnabled=false, hasTouchScreen=false, platform=XP, acceptSslCerts=false, goog:chromeOptions={debuggerAddress=localhost:51356}, acceptInsecureCerts=false, webStorageEnabled=true, browserName=chrome, takesScreenshot=true, javascriptEnabled=true, platformName=XP, setWindowRect=true, unexpectedAlertBehaviour=, applicationCacheEnabled=false, rotatable=false, networkConnectionEnabled=false, chrome={chromedriverVersion=2.41.578737 (49da6702b16031c40d63e5618de03a32ff6c197e), userDataDir=C:\Users\hgup22\AppData\Local\Temp\scoped_dir11648_27829}, takesHeapSnapshot=true, unhandledPromptBehavior=, pageLoadStrategy=normal, databaseEnabled=false, handlesAlerts=true, version=73.0.3683.86, browserConnectionEnabled=false, nativeEvents=true, locationContextEnabled=true, cssSelectorsEnabled=true}]
Session ID: 4d0c0fabb48d1aa095a39fc7af16ef8d
*** Element info: {Using=name, value=txtOutstandingBal}" type="org.openqa.selenium.NoSuchElementException">org.openqa.selenium.NoSuchElementException: no such element: Unable to locate element: {&quot;method&quot;:&quot;name&quot;,&quot;selector&quot;:&quot;txtOutstandingBal&quot;}
  (Session info: chrome=73.0.3683.86)
  (Driver info: chromedriver=2.41.578737 (49da6702b16031c40d63e5618de03a32ff6c197e),platform=Windows NT 6.1.7601 SP1 x86_64) (WARNING: The server did not provide any stacktrace information)
Command duration or timeout: 0 milliseconds
For documentation on this error, please visit: http://seleniumhq.org/exceptions/no_such_element.html
Build info: version: &apos;3.5.3&apos;, revision: &apos;a88d25fe6b&apos;, time: &apos;2017-08-29T12:42:44.417Z&apos;
System info: host: &apos;WKWIN5337880&apos;, ip: &apos;10.0.0.4&apos;, os.name: &apos;Windows 7&apos;, os.arch: &apos;amd64&apos;, os.version: &apos;6.1&apos;, java.version: &apos;1.8.0_73&apos;
Driver info: org.openqa.selenium.chrome.ChromeDriver
Capabilities [{mobileEmulationEnabled=false, hasTouchScreen=false, platform=XP, acceptSslCerts=false, goog:chromeOptions={debuggerAddress=localhost:51356}, acceptInsecureCerts=false, webStorageEnabled=true, browserName=chrome, takesScreenshot=true, javascriptEnabled=true, platformName=XP, setWindowRect=true, unexpectedAlertBehaviour=, applicationCacheEnabled=false, rotatable=false, networkConnectionEnabled=false, chrome={chromedriverVersion=2.41.578737 (49da6702b16031c40d63e5618de03a32ff6c197e), userDataDir=C:\Users\hgup22\AppData\Local\Temp\scoped_dir11648_27829}, takesHeapSnapshot=true, unhandledPromptBehavior=, pageLoadStrategy=normal, databaseEnabled=false, handlesAlerts=true, version=73.0.3683.86, browserConnectionEnabled=false, nativeEvents=true, locationContextEnabled=true, cssSelectorsEnabled=true}]
Session ID: 4d0c0fabb48d1aa095a39fc7af16ef8d
*** Element info: {Using=name, value=txtOutstandingBal}
	at sun.reflect.NativeConstructorAccessorImpl.newInstance0(Native Method)
	at sun.reflect.NativeConstructorAccessorImpl.newInstance(NativeConstructorAccessorImpl.java:62)
	at sun.reflect.DelegatingConstructorAccessorImpl.newInstance(DelegatingConstructorAccessorImpl.java:45)
	at java.lang.reflect.Constructor.newInstance(Constructor.java:422)
	at org.openqa.selenium.remote.ErrorHandler.createThrowable(ErrorHandler.java:215)
	at org.openqa.selenium.remote.ErrorHandler.throwIfResponseFailed(ErrorHandler.java:167)
	at org.openqa.selenium.remote.http.JsonHttpResponseCodec.reconstructValue(JsonHttpResponseCodec.java:40)
	at org.openqa.selenium.remote.http.AbstractHttpResponseCodec.decode(AbstractHttpResponseCodec.java:82)
	at org.openqa.selenium.remote.http.AbstractHttpResponseCodec.decode(AbstractHttpResponseCodec.java:45)
	at org.openqa.selenium.remote.HttpCommandExecutor.execute(HttpCommandExecutor.java:164)
	at org.openqa.selenium.remote.service.DriverCommandExecutor.execute(DriverCommandExecutor.java:82)
	at org.openqa.selenium.remote.RemoteWebDriver.execute(RemoteWebDriver.java:646)
	at org.openqa.selenium.remote.RemoteWebDriver.findElement(RemoteWebDriver.java:416)
	at org.openqa.selenium.remote.RemoteWebDriver.findElementByName(RemoteWebDriver.java:494)
	at org.openqa.selenium.By$ByName.findElement(By.java:303)
	at org.openqa.selenium.remote.RemoteWebDriver.findElement(RemoteWebDriver.java:408)
	at featuresSteps.Steps.user_enters_Outstanding_Balance_as(Steps.java:32)
	at ✽.When User enters Outstanding Balance as &quot;450000&quot;(PrepaymentChargeCalculator.feature:5)
</error>
  </testcase>
  <testcase classname="| 450000 | 10 | 5 | Bi-Weekly | 6500 |  | Must be a value between 0 and 40% |" name="And Remaining term as &quot;10&quot; years &quot;5&quot; months" time="0.007">
    <skipped/>
  </testcase>
  <testcase classname="| 450000 | 10 | 5 | Bi-Weekly | 6500 |  | Must be a value between 0 and 40% |" name="And Payment frequency as &quot;Bi-Weekly&quot;" time="0.008">
    <skipped/>
  </testcase>
  <testcase classname="| 450000 | 10 | 5 | Bi-Weekly | 6500 |  | Must be a value between 0 and 40% |" name="And Payment amount as &quot;6500&quot;" time="0.009">
    <skipped/>
  </testcase>
  <testcase classname="| 450000 | 10 | 5 | Bi-Weekly | 6500 |  | Must be a value between 0 and 40% |" name="And Current Interest Rate as &quot;&quot;" time="0.009">
    <skipped/>
  </testcase>
  <testcase classname="| 450000 | 10 | 5 | Bi-Weekly | 6500 |  | Must be a value between 0 and 40% |" name="And click on Calculate Button" time="0.01">
    <skipped/>
  </testcase>
  <testcase classname="| 450000 | 10 | 5 | Bi-Weekly | 6500 |  | Must be a value between 0 and 40% |" name="Then &quot;Must be a value between 0 and 40%&quot; is displayed" time="0.011">
    <skipped/>
  </testcase>
  <testcase classname="| 550000 | 7 | 5 | Weekly | 5500 |  | Must be a value between 0 and 40% |" name="Given User have Application url to launch" time="0"/>
  <testcase classname="| 550000 | 7 | 5 | Weekly | 5500 |  | Must be a value between 0 and 40% |" name="When User enters Outstanding Balance as &quot;550000&quot;" time="0.001">
    <error message="no such element: Unable to locate element: {&quot;method&quot;:&quot;name&quot;,&quot;selector&quot;:&quot;txtOutstandingBal&quot;}
  (Session info: chrome=73.0.3683.86)
  (Driver info: chromedriver=2.41.578737 (49da6702b16031c40d63e5618de03a32ff6c197e),platform=Windows NT 6.1.7601 SP1 x86_64) (WARNING: The server did not provide any stacktrace information)
Command duration or timeout: 0 milliseconds
For documentation on this error, please visit: http://seleniumhq.org/exceptions/no_such_element.html
Build info: version: &apos;3.5.3&apos;, revision: &apos;a88d25fe6b&apos;, time: &apos;2017-08-29T12:42:44.417Z&apos;
System info: host: &apos;WKWIN5337880&apos;, ip: &apos;10.0.0.4&apos;, os.name: &apos;Windows 7&apos;, os.arch: &apos;amd64&apos;, os.version: &apos;6.1&apos;, java.version: &apos;1.8.0_73&apos;
Driver info: org.openqa.selenium.chrome.ChromeDriver
Capabilities [{mobileEmulationEnabled=false, hasTouchScreen=false, platform=XP, acceptSslCerts=false, goog:chromeOptions={debuggerAddress=localhost:51440}, acceptInsecureCerts=false, webStorageEnabled=true, browserName=chrome, takesScreenshot=true, javascriptEnabled=true, platformName=XP, setWindowRect=true, unexpectedAlertBehaviour=, applicationCacheEnabled=false, rotatable=false, networkConnectionEnabled=false, chrome={chromedriverVersion=2.41.578737 (49da6702b16031c40d63e5618de03a32ff6c197e), userDataDir=C:\Users\hgup22\AppData\Local\Temp\scoped_dir12368_13892}, takesHeapSnapshot=true, unhandledPromptBehavior=, pageLoadStrategy=normal, databaseEnabled=false, handlesAlerts=true, version=73.0.3683.86, browserConnectionEnabled=false, nativeEvents=true, locationContextEnabled=true, cssSelectorsEnabled=true}]
Session ID: 0cf9de533313c93fca6561df0bfa7704
*** Element info: {Using=name, value=txtOutstandingBal}" type="org.openqa.selenium.NoSuchElementException">org.openqa.selenium.NoSuchElementException: no such element: Unable to locate element: {&quot;method&quot;:&quot;name&quot;,&quot;selector&quot;:&quot;txtOutstandingBal&quot;}
  (Session info: chrome=73.0.3683.86)
  (Driver info: chromedriver=2.41.578737 (49da6702b16031c40d63e5618de03a32ff6c197e),platform=Windows NT 6.1.7601 SP1 x86_64) (WARNING: The server did not provide any stacktrace information)
Command duration or timeout: 0 milliseconds
For documentation on this error, please visit: http://seleniumhq.org/exceptions/no_such_element.html
Build info: version: &apos;3.5.3&apos;, revision: &apos;a88d25fe6b&apos;, time: &apos;2017-08-29T12:42:44.417Z&apos;
System info: host: &apos;WKWIN5337880&apos;, ip: &apos;10.0.0.4&apos;, os.name: &apos;Windows 7&apos;, os.arch: &apos;amd64&apos;, os.version: &apos;6.1&apos;, java.version: &apos;1.8.0_73&apos;
Driver info: org.openqa.selenium.chrome.ChromeDriver
Capabilities [{mobileEmulationEnabled=false, hasTouchScreen=false, platform=XP, acceptSslCerts=false, goog:chromeOptions={debuggerAddress=localhost:51440}, acceptInsecureCerts=false, webStorageEnabled=true, browserName=chrome, takesScreenshot=true, javascriptEnabled=true, platformName=XP, setWindowRect=true, unexpectedAlertBehaviour=, applicationCacheEnabled=false, rotatable=false, networkConnectionEnabled=false, chrome={chromedriverVersion=2.41.578737 (49da6702b16031c40d63e5618de03a32ff6c197e), userDataDir=C:\Users\hgup22\AppData\Local\Temp\scoped_dir12368_13892}, takesHeapSnapshot=true, unhandledPromptBehavior=, pageLoadStrategy=normal, databaseEnabled=false, handlesAlerts=true, version=73.0.3683.86, browserConnectionEnabled=false, nativeEvents=true, locationContextEnabled=true, cssSelectorsEnabled=true}]
Session ID: 0cf9de533313c93fca6561df0bfa7704
*** Element info: {Using=name, value=txtOutstandingBal}
	at sun.reflect.NativeConstructorAccessorImpl.newInstance0(Native Method)
	at sun.reflect.NativeConstructorAccessorImpl.newInstance(NativeConstructorAccessorImpl.java:62)
	at sun.reflect.DelegatingConstructorAccessorImpl.newInstance(DelegatingConstructorAccessorImpl.java:45)
	at java.lang.reflect.Constructor.newInstance(Constructor.java:422)
	at org.openqa.selenium.remote.ErrorHandler.createThrowable(ErrorHandler.java:215)
	at org.openqa.selenium.remote.ErrorHandler.throwIfResponseFailed(ErrorHandler.java:167)
	at org.openqa.selenium.remote.http.JsonHttpResponseCodec.reconstructValue(JsonHttpResponseCodec.java:40)
	at org.openqa.selenium.remote.http.AbstractHttpResponseCodec.decode(AbstractHttpResponseCodec.java:82)
	at org.openqa.selenium.remote.http.AbstractHttpResponseCodec.decode(AbstractHttpResponseCodec.java:45)
	at org.openqa.selenium.remote.HttpCommandExecutor.execute(HttpCommandExecutor.java:164)
	at org.openqa.selenium.remote.service.DriverCommandExecutor.execute(DriverCommandExecutor.java:82)
	at org.openqa.selenium.remote.RemoteWebDriver.execute(RemoteWebDriver.java:646)
	at org.openqa.selenium.remote.RemoteWebDriver.findElement(RemoteWebDriver.java:416)
	at org.openqa.selenium.remote.RemoteWebDriver.findElementByName(RemoteWebDriver.java:494)
	at org.openqa.selenium.By$ByName.findElement(By.java:303)
	at org.openqa.selenium.remote.RemoteWebDriver.findElement(RemoteWebDriver.java:408)
	at featuresSteps.Steps.user_enters_Outstanding_Balance_as(Steps.java:32)
	at ✽.When User enters Outstanding Balance as &quot;550000&quot;(PrepaymentChargeCalculator.feature:5)
</error>
  </testcase>
  <testcase classname="| 550000 | 7 | 5 | Weekly | 5500 |  | Must be a value between 0 and 40% |" name="| 550000 | 7 | 5 | Weekly | 5500 |  | Must be a value between 0 and 40% |" time="0.003">
    <error message="no such element: Unable to locate element: {&quot;method&quot;:&quot;name&quot;,&quot;selector&quot;:&quot;txtOutstandingBal&quot;}
  (Session info: chrome=73.0.3683.86)
  (Driver info: chromedriver=2.41.578737 (49da6702b16031c40d63e5618de03a32ff6c197e),platform=Windows NT 6.1.7601 SP1 x86_64) (WARNING: The server did not provide any stacktrace information)
Command duration or timeout: 0 milliseconds
For documentation on this error, please visit: http://seleniumhq.org/exceptions/no_such_element.html
Build info: version: &apos;3.5.3&apos;, revision: &apos;a88d25fe6b&apos;, time: &apos;2017-08-29T12:42:44.417Z&apos;
System info: host: &apos;WKWIN5337880&apos;, ip: &apos;10.0.0.4&apos;, os.name: &apos;Windows 7&apos;, os.arch: &apos;amd64&apos;, os.version: &apos;6.1&apos;, java.version: &apos;1.8.0_73&apos;
Driver info: org.openqa.selenium.chrome.ChromeDriver
Capabilities [{mobileEmulationEnabled=false, hasTouchScreen=false, platform=XP, acceptSslCerts=false, goog:chromeOptions={debuggerAddress=localhost:51440}, acceptInsecureCerts=false, webStorageEnabled=true, browserName=chrome, takesScreenshot=true, javascriptEnabled=true, platformName=XP, setWindowRect=true, unexpectedAlertBehaviour=, applicationCacheEnabled=false, rotatable=false, networkConnectionEnabled=false, chrome={chromedriverVersion=2.41.578737 (49da6702b16031c40d63e5618de03a32ff6c197e), userDataDir=C:\Users\hgup22\AppData\Local\Temp\scoped_dir12368_13892}, takesHeapSnapshot=true, unhandledPromptBehavior=, pageLoadStrategy=normal, databaseEnabled=false, handlesAlerts=true, version=73.0.3683.86, browserConnectionEnabled=false, nativeEvents=true, locationContextEnabled=true, cssSelectorsEnabled=true}]
Session ID: 0cf9de533313c93fca6561df0bfa7704
*** Element info: {Using=name, value=txtOutstandingBal}" type="org.openqa.selenium.NoSuchElementException">org.openqa.selenium.NoSuchElementException: no such element: Unable to locate element: {&quot;method&quot;:&quot;name&quot;,&quot;selector&quot;:&quot;txtOutstandingBal&quot;}
  (Session info: chrome=73.0.3683.86)
  (Driver info: chromedriver=2.41.578737 (49da6702b16031c40d63e5618de03a32ff6c197e),platform=Windows NT 6.1.7601 SP1 x86_64) (WARNING: The server did not provide any stacktrace information)
Command duration or timeout: 0 milliseconds
For documentation on this error, please visit: http://seleniumhq.org/exceptions/no_such_element.html
Build info: version: &apos;3.5.3&apos;, revision: &apos;a88d25fe6b&apos;, time: &apos;2017-08-29T12:42:44.417Z&apos;
System info: host: &apos;WKWIN5337880&apos;, ip: &apos;10.0.0.4&apos;, os.name: &apos;Windows 7&apos;, os.arch: &apos;amd64&apos;, os.version: &apos;6.1&apos;, java.version: &apos;1.8.0_73&apos;
Driver info: org.openqa.selenium.chrome.ChromeDriver
Capabilities [{mobileEmulationEnabled=false, hasTouchScreen=false, platform=XP, acceptSslCerts=false, goog:chromeOptions={debuggerAddress=localhost:51440}, acceptInsecureCerts=false, webStorageEnabled=true, browserName=chrome, takesScreenshot=true, javascriptEnabled=true, platformName=XP, setWindowRect=true, unexpectedAlertBehaviour=, applicationCacheEnabled=false, rotatable=false, networkConnectionEnabled=false, chrome={chromedriverVersion=2.41.578737 (49da6702b16031c40d63e5618de03a32ff6c197e), userDataDir=C:\Users\hgup22\AppData\Local\Temp\scoped_dir12368_13892}, takesHeapSnapshot=true, unhandledPromptBehavior=, pageLoadStrategy=normal, databaseEnabled=false, handlesAlerts=true, version=73.0.3683.86, browserConnectionEnabled=false, nativeEvents=true, locationContextEnabled=true, cssSelectorsEnabled=true}]
Session ID: 0cf9de533313c93fca6561df0bfa7704
*** Element info: {Using=name, value=txtOutstandingBal}
	at sun.reflect.NativeConstructorAccessorImpl.newInstance0(Native Method)
	at sun.reflect.NativeConstructorAccessorImpl.newInstance(NativeConstructorAccessorImpl.java:62)
	at sun.reflect.DelegatingConstructorAccessorImpl.newInstance(DelegatingConstructorAccessorImpl.java:45)
	at java.lang.reflect.Constructor.newInstance(Constructor.java:422)
	at org.openqa.selenium.remote.ErrorHandler.createThrowable(ErrorHandler.java:215)
	at org.openqa.selenium.remote.ErrorHandler.throwIfResponseFailed(ErrorHandler.java:167)
	at org.openqa.selenium.remote.http.JsonHttpResponseCodec.reconstructValue(JsonHttpResponseCodec.java:40)
	at org.openqa.selenium.remote.http.AbstractHttpResponseCodec.decode(AbstractHttpResponseCodec.java:82)
	at org.openqa.selenium.remote.http.AbstractHttpResponseCodec.decode(AbstractHttpResponseCodec.java:45)
	at org.openqa.selenium.remote.HttpCommandExecutor.execute(HttpCommandExecutor.java:164)
	at org.openqa.selenium.remote.service.DriverCommandExecutor.execute(DriverCommandExecutor.java:82)
	at org.openqa.selenium.remote.RemoteWebDriver.execute(RemoteWebDriver.java:646)
	at org.openqa.selenium.remote.RemoteWebDriver.findElement(RemoteWebDriver.java:416)
	at org.openqa.selenium.remote.RemoteWebDriver.findElementByName(RemoteWebDriver.java:494)
	at org.openqa.selenium.By$ByName.findElement(By.java:303)
	at org.openqa.selenium.remote.RemoteWebDriver.findElement(RemoteWebDriver.java:408)
	at featuresSteps.Steps.user_enters_Outstanding_Balance_as(Steps.java:32)
	at ✽.When User enters Outstanding Balance as &quot;550000&quot;(PrepaymentChargeCalculator.feature:5)
</error>
  </testcase>
  <testcase classname="| 550000 | 7 | 5 | Weekly | 5500 |  | Must be a value between 0 and 40% |" name="And Remaining term as &quot;7&quot; years &quot;5&quot; months" time="0.006">
    <skipped/>
  </testcase>
  <testcase classname="| 550000 | 7 | 5 | Weekly | 5500 |  | Must be a value between 0 and 40% |" name="And Payment frequency as &quot;Weekly&quot;" time="0.007">
    <skipped/>
  </testcase>
  <testcase classname="| 550000 | 7 | 5 | Weekly | 5500 |  | Must be a value between 0 and 40% |" name="And Payment amount as &quot;5500&quot;" time="0.007">
    <skipped/>
  </testcase>
  <testcase classname="| 550000 | 7 | 5 | Weekly | 5500 |  | Must be a value between 0 and 40% |" name="And Current Interest Rate as &quot;&quot;" time="0.008">
    <skipped/>
  </testcase>
  <testcase classname="| 550000 | 7 | 5 | Weekly | 5500 |  | Must be a value between 0 and 40% |" name="And click on Calculate Button" time="0.009">
    <skipped/>
  </testcase>
  <testcase classname="| 550000 | 7 | 5 | Weekly | 5500 |  | Must be a value between 0 and 40% |" name="Then &quot;Must be a value between 0 and 40%&quot; is displayed" time="0.011">
    <skipped/>
  </testcase>
  <testcase classname="| 650000 | 9 | 7 | Bi-Weekly | 5500 |  | Must be a value between 0 and 40% |" name="Given User have Application url to launch" time="0"/>
  <testcase classname="| 650000 | 9 | 7 | Bi-Weekly | 5500 |  | Must be a value between 0 and 40% |" name="When User enters Outstanding Balance as &quot;650000&quot;" time="0">
    <error message="no such element: Unable to locate element: {&quot;method&quot;:&quot;name&quot;,&quot;selector&quot;:&quot;txtOutstandingBal&quot;}
  (Session info: chrome=73.0.3683.86)
  (Driver info: chromedriver=2.41.578737 (49da6702b16031c40d63e5618de03a32ff6c197e),platform=Windows NT 6.1.7601 SP1 x86_64) (WARNING: The server did not provide any stacktrace information)
Command duration or timeout: 0 milliseconds
For documentation on this error, please visit: http://seleniumhq.org/exceptions/no_such_element.html
Build info: version: &apos;3.5.3&apos;, revision: &apos;a88d25fe6b&apos;, time: &apos;2017-08-29T12:42:44.417Z&apos;
System info: host: &apos;WKWIN5337880&apos;, ip: &apos;10.0.0.4&apos;, os.name: &apos;Windows 7&apos;, os.arch: &apos;amd64&apos;, os.version: &apos;6.1&apos;, java.version: &apos;1.8.0_73&apos;
Driver info: org.openqa.selenium.chrome.ChromeDriver
Capabilities [{mobileEmulationEnabled=false, hasTouchScreen=false, platform=XP, acceptSslCerts=false, goog:chromeOptions={debuggerAddress=localhost:51518}, acceptInsecureCerts=false, webStorageEnabled=true, browserName=chrome, takesScreenshot=true, javascriptEnabled=true, platformName=XP, setWindowRect=true, unexpectedAlertBehaviour=, applicationCacheEnabled=false, rotatable=false, networkConnectionEnabled=false, chrome={chromedriverVersion=2.41.578737 (49da6702b16031c40d63e5618de03a32ff6c197e), userDataDir=C:\Users\hgup22\AppData\Local\Temp\scoped_dir11840_850}, takesHeapSnapshot=true, unhandledPromptBehavior=, pageLoadStrategy=normal, databaseEnabled=false, handlesAlerts=true, version=73.0.3683.86, browserConnectionEnabled=false, nativeEvents=true, locationContextEnabled=true, cssSelectorsEnabled=true}]
Session ID: 5b723c58305ec216042553314108cf4d
*** Element info: {Using=name, value=txtOutstandingBal}" type="org.openqa.selenium.NoSuchElementException">org.openqa.selenium.NoSuchElementException: no such element: Unable to locate element: {&quot;method&quot;:&quot;name&quot;,&quot;selector&quot;:&quot;txtOutstandingBal&quot;}
  (Session info: chrome=73.0.3683.86)
  (Driver info: chromedriver=2.41.578737 (49da6702b16031c40d63e5618de03a32ff6c197e),platform=Windows NT 6.1.7601 SP1 x86_64) (WARNING: The server did not provide any stacktrace information)
Command duration or timeout: 0 milliseconds
For documentation on this error, please visit: http://seleniumhq.org/exceptions/no_such_element.html
Build info: version: &apos;3.5.3&apos;, revision: &apos;a88d25fe6b&apos;, time: &apos;2017-08-29T12:42:44.417Z&apos;
System info: host: &apos;WKWIN5337880&apos;, ip: &apos;10.0.0.4&apos;, os.name: &apos;Windows 7&apos;, os.arch: &apos;amd64&apos;, os.version: &apos;6.1&apos;, java.version: &apos;1.8.0_73&apos;
Driver info: org.openqa.selenium.chrome.ChromeDriver
Capabilities [{mobileEmulationEnabled=false, hasTouchScreen=false, platform=XP, acceptSslCerts=false, goog:chromeOptions={debuggerAddress=localhost:51518}, acceptInsecureCerts=false, webStorageEnabled=true, browserName=chrome, takesScreenshot=true, javascriptEnabled=true, platformName=XP, setWindowRect=true, unexpectedAlertBehaviour=, applicationCacheEnabled=false, rotatable=false, networkConnectionEnabled=false, chrome={chromedriverVersion=2.41.578737 (49da6702b16031c40d63e5618de03a32ff6c197e), userDataDir=C:\Users\hgup22\AppData\Local\Temp\scoped_dir11840_850}, takesHeapSnapshot=true, unhandledPromptBehavior=, pageLoadStrategy=normal, databaseEnabled=false, handlesAlerts=true, version=73.0.3683.86, browserConnectionEnabled=false, nativeEvents=true, locationContextEnabled=true, cssSelectorsEnabled=true}]
Session ID: 5b723c58305ec216042553314108cf4d
*** Element info: {Using=name, value=txtOutstandingBal}
	at sun.reflect.NativeConstructorAccessorImpl.newInstance0(Native Method)
	at sun.reflect.NativeConstructorAccessorImpl.newInstance(NativeConstructorAccessorImpl.java:62)
	at sun.reflect.DelegatingConstructorAccessorImpl.newInstance(DelegatingConstructorAccessorImpl.java:45)
	at java.lang.reflect.Constructor.newInstance(Constructor.java:422)
	at org.openqa.selenium.remote.ErrorHandler.createThrowable(ErrorHandler.java:215)
	at org.openqa.selenium.remote.ErrorHandler.throwIfResponseFailed(ErrorHandler.java:167)
	at org.openqa.selenium.remote.http.JsonHttpResponseCodec.reconstructValue(JsonHttpResponseCodec.java:40)
	at org.openqa.selenium.remote.http.AbstractHttpResponseCodec.decode(AbstractHttpResponseCodec.java:82)
	at org.openqa.selenium.remote.http.AbstractHttpResponseCodec.decode(AbstractHttpResponseCodec.java:45)
	at org.openqa.selenium.remote.HttpCommandExecutor.execute(HttpCommandExecutor.java:164)
	at org.openqa.selenium.remote.service.DriverCommandExecutor.execute(DriverCommandExecutor.java:82)
	at org.openqa.selenium.remote.RemoteWebDriver.execute(RemoteWebDriver.java:646)
	at org.openqa.selenium.remote.RemoteWebDriver.findElement(RemoteWebDriver.java:416)
	at org.openqa.selenium.remote.RemoteWebDriver.findElementByName(RemoteWebDriver.java:494)
	at org.openqa.selenium.By$ByName.findElement(By.java:303)
	at org.openqa.selenium.remote.RemoteWebDriver.findElement(RemoteWebDriver.java:408)
	at featuresSteps.Steps.user_enters_Outstanding_Balance_as(Steps.java:32)
	at ✽.When User enters Outstanding Balance as &quot;650000&quot;(PrepaymentChargeCalculator.feature:5)
</error>
  </testcase>
  <testcase classname="| 650000 | 9 | 7 | Bi-Weekly | 5500 |  | Must be a value between 0 and 40% |" name="| 650000 | 9 | 7 | Bi-Weekly | 5500 |  | Must be a value between 0 and 40% |" time="0">
    <error message="no such element: Unable to locate element: {&quot;method&quot;:&quot;name&quot;,&quot;selector&quot;:&quot;txtOutstandingBal&quot;}
  (Session info: chrome=73.0.3683.86)
  (Driver info: chromedriver=2.41.578737 (49da6702b16031c40d63e5618de03a32ff6c197e),platform=Windows NT 6.1.7601 SP1 x86_64) (WARNING: The server did not provide any stacktrace information)
Command duration or timeout: 0 milliseconds
For documentation on this error, please visit: http://seleniumhq.org/exceptions/no_such_element.html
Build info: version: &apos;3.5.3&apos;, revision: &apos;a88d25fe6b&apos;, time: &apos;2017-08-29T12:42:44.417Z&apos;
System info: host: &apos;WKWIN5337880&apos;, ip: &apos;10.0.0.4&apos;, os.name: &apos;Windows 7&apos;, os.arch: &apos;amd64&apos;, os.version: &apos;6.1&apos;, java.version: &apos;1.8.0_73&apos;
Driver info: org.openqa.selenium.chrome.ChromeDriver
Capabilities [{mobileEmulationEnabled=false, hasTouchScreen=false, platform=XP, acceptSslCerts=false, goog:chromeOptions={debuggerAddress=localhost:51518}, acceptInsecureCerts=false, webStorageEnabled=true, browserName=chrome, takesScreenshot=true, javascriptEnabled=true, platformName=XP, setWindowRect=true, unexpectedAlertBehaviour=, applicationCacheEnabled=false, rotatable=false, networkConnectionEnabled=false, chrome={chromedriverVersion=2.41.578737 (49da6702b16031c40d63e5618de03a32ff6c197e), userDataDir=C:\Users\hgup22\AppData\Local\Temp\scoped_dir11840_850}, takesHeapSnapshot=true, unhandledPromptBehavior=, pageLoadStrategy=normal, databaseEnabled=false, handlesAlerts=true, version=73.0.3683.86, browserConnectionEnabled=false, nativeEvents=true, locationContextEnabled=true, cssSelectorsEnabled=true}]
Session ID: 5b723c58305ec216042553314108cf4d
*** Element info: {Using=name, value=txtOutstandingBal}" type="org.openqa.selenium.NoSuchElementException">org.openqa.selenium.NoSuchElementException: no such element: Unable to locate element: {&quot;method&quot;:&quot;name&quot;,&quot;selector&quot;:&quot;txtOutstandingBal&quot;}
  (Session info: chrome=73.0.3683.86)
  (Driver info: chromedriver=2.41.578737 (49da6702b16031c40d63e5618de03a32ff6c197e),platform=Windows NT 6.1.7601 SP1 x86_64) (WARNING: The server did not provide any stacktrace information)
Command duration or timeout: 0 milliseconds
For documentation on this error, please visit: http://seleniumhq.org/exceptions/no_such_element.html
Build info: version: &apos;3.5.3&apos;, revision: &apos;a88d25fe6b&apos;, time: &apos;2017-08-29T12:42:44.417Z&apos;
System info: host: &apos;WKWIN5337880&apos;, ip: &apos;10.0.0.4&apos;, os.name: &apos;Windows 7&apos;, os.arch: &apos;amd64&apos;, os.version: &apos;6.1&apos;, java.version: &apos;1.8.0_73&apos;
Driver info: org.openqa.selenium.chrome.ChromeDriver
Capabilities [{mobileEmulationEnabled=false, hasTouchScreen=false, platform=XP, acceptSslCerts=false, goog:chromeOptions={debuggerAddress=localhost:51518}, acceptInsecureCerts=false, webStorageEnabled=true, browserName=chrome, takesScreenshot=true, javascriptEnabled=true, platformName=XP, setWindowRect=true, unexpectedAlertBehaviour=, applicationCacheEnabled=false, rotatable=false, networkConnectionEnabled=false, chrome={chromedriverVersion=2.41.578737 (49da6702b16031c40d63e5618de03a32ff6c197e), userDataDir=C:\Users\hgup22\AppData\Local\Temp\scoped_dir11840_850}, takesHeapSnapshot=true, unhandledPromptBehavior=, pageLoadStrategy=normal, databaseEnabled=false, handlesAlerts=true, version=73.0.3683.86, browserConnectionEnabled=false, nativeEvents=true, locationContextEnabled=true, cssSelectorsEnabled=true}]
Session ID: 5b723c58305ec216042553314108cf4d
*** Element info: {Using=name, value=txtOutstandingBal}
	at sun.reflect.NativeConstructorAccessorImpl.newInstance0(Native Method)
	at sun.reflect.NativeConstructorAccessorImpl.newInstance(NativeConstructorAccessorImpl.java:62)
	at sun.reflect.DelegatingConstructorAccessorImpl.newInstance(DelegatingConstructorAccessorImpl.java:45)
	at java.lang.reflect.Constructor.newInstance(Constructor.java:422)
	at org.openqa.selenium.remote.ErrorHandler.createThrowable(ErrorHandler.java:215)
	at org.openqa.selenium.remote.ErrorHandler.throwIfResponseFailed(ErrorHandler.java:167)
	at org.openqa.selenium.remote.http.JsonHttpResponseCodec.reconstructValue(JsonHttpResponseCodec.java:40)
	at org.openqa.selenium.remote.http.AbstractHttpResponseCodec.decode(AbstractHttpResponseCodec.java:82)
	at org.openqa.selenium.remote.http.AbstractHttpResponseCodec.decode(AbstractHttpResponseCodec.java:45)
	at org.openqa.selenium.remote.HttpCommandExecutor.execute(HttpCommandExecutor.java:164)
	at org.openqa.selenium.remote.service.DriverCommandExecutor.execute(DriverCommandExecutor.java:82)
	at org.openqa.selenium.remote.RemoteWebDriver.execute(RemoteWebDriver.java:646)
	at org.openqa.selenium.remote.RemoteWebDriver.findElement(RemoteWebDriver.java:416)
	at org.openqa.selenium.remote.RemoteWebDriver.findElementByName(RemoteWebDriver.java:494)
	at org.openqa.selenium.By$ByName.findElement(By.java:303)
	at org.openqa.selenium.remote.RemoteWebDriver.findElement(RemoteWebDriver.java:408)
	at featuresSteps.Steps.user_enters_Outstanding_Balance_as(Steps.java:32)
	at ✽.When User enters Outstanding Balance as &quot;650000&quot;(PrepaymentChargeCalculator.feature:5)
</error>
  </testcase>
  <testcase classname="| 650000 | 9 | 7 | Bi-Weekly | 5500 |  | Must be a value between 0 and 40% |" name="And Remaining term as &quot;9&quot; years &quot;7&quot; months" time="0.005">
    <skipped/>
  </testcase>
  <testcase classname="| 650000 | 9 | 7 | Bi-Weekly | 5500 |  | Must be a value between 0 and 40% |" name="And Payment frequency as &quot;Bi-Weekly&quot;" time="0.006">
    <skipped/>
  </testcase>
  <testcase classname="| 650000 | 9 | 7 | Bi-Weekly | 5500 |  | Must be a value between 0 and 40% |" name="And Payment amount as &quot;5500&quot;" time="0.006">
    <skipped/>
  </testcase>
  <testcase classname="| 650000 | 9 | 7 | Bi-Weekly | 5500 |  | Must be a value between 0 and 40% |" name="And Current Interest Rate as &quot;&quot;" time="0.007">
    <skipped/>
  </testcase>
  <testcase classname="| 650000 | 9 | 7 | Bi-Weekly | 5500 |  | Must be a value between 0 and 40% |" name="And click on Calculate Button" time="0.011">
    <skipped/>
  </testcase>
  <testcase classname="| 650000 | 9 | 7 | Bi-Weekly | 5500 |  | Must be a value between 0 and 40% |" name="Then &quot;Must be a value between 0 and 40%&quot; is displayed" time="0.013">
    <skipped/>
  </testcase>
  <testcase classname="| 450000 | 10 | 5 | Bi-Weekly | 6500 | 6.45 | 7256.25 | 302343.75 |" name="Given User have Application url to launch" time="0"/>
  <testcase classname="| 450000 | 10 | 5 | Bi-Weekly | 6500 | 6.45 | 7256.25 | 302343.75 |" name="When User enters Outstanding Balance as &quot;450000&quot;" time="0">
    <error message="no such element: Unable to locate element: {&quot;method&quot;:&quot;name&quot;,&quot;selector&quot;:&quot;txtOutstandingBal&quot;}
  (Session info: chrome=73.0.3683.86)
  (Driver info: chromedriver=2.41.578737 (49da6702b16031c40d63e5618de03a32ff6c197e),platform=Windows NT 6.1.7601 SP1 x86_64) (WARNING: The server did not provide any stacktrace information)
Command duration or timeout: 0 milliseconds
For documentation on this error, please visit: http://seleniumhq.org/exceptions/no_such_element.html
Build info: version: &apos;3.5.3&apos;, revision: &apos;a88d25fe6b&apos;, time: &apos;2017-08-29T12:42:44.417Z&apos;
System info: host: &apos;WKWIN5337880&apos;, ip: &apos;10.0.0.4&apos;, os.name: &apos;Windows 7&apos;, os.arch: &apos;amd64&apos;, os.version: &apos;6.1&apos;, java.version: &apos;1.8.0_73&apos;
Driver info: org.openqa.selenium.chrome.ChromeDriver
Capabilities [{mobileEmulationEnabled=false, hasTouchScreen=false, platform=XP, acceptSslCerts=false, goog:chromeOptions={debuggerAddress=localhost:51613}, acceptInsecureCerts=false, webStorageEnabled=true, browserName=chrome, takesScreenshot=true, javascriptEnabled=true, platformName=XP, setWindowRect=true, unexpectedAlertBehaviour=, applicationCacheEnabled=false, rotatable=false, networkConnectionEnabled=false, chrome={chromedriverVersion=2.41.578737 (49da6702b16031c40d63e5618de03a32ff6c197e), userDataDir=C:\Users\hgup22\AppData\Local\Temp\scoped_dir12924_22529}, takesHeapSnapshot=true, unhandledPromptBehavior=, pageLoadStrategy=normal, databaseEnabled=false, handlesAlerts=true, version=73.0.3683.86, browserConnectionEnabled=false, nativeEvents=true, locationContextEnabled=true, cssSelectorsEnabled=true}]
Session ID: 2f3001ac9bdcaaf027853f15f14122ab
*** Element info: {Using=name, value=txtOutstandingBal}" type="org.openqa.selenium.NoSuchElementException">org.openqa.selenium.NoSuchElementException: no such element: Unable to locate element: {&quot;method&quot;:&quot;name&quot;,&quot;selector&quot;:&quot;txtOutstandingBal&quot;}
  (Session info: chrome=73.0.3683.86)
  (Driver info: chromedriver=2.41.578737 (49da6702b16031c40d63e5618de03a32ff6c197e),platform=Windows NT 6.1.7601 SP1 x86_64) (WARNING: The server did not provide any stacktrace information)
Command duration or timeout: 0 milliseconds
For documentation on this error, please visit: http://seleniumhq.org/exceptions/no_such_element.html
Build info: version: &apos;3.5.3&apos;, revision: &apos;a88d25fe6b&apos;, time: &apos;2017-08-29T12:42:44.417Z&apos;
System info: host: &apos;WKWIN5337880&apos;, ip: &apos;10.0.0.4&apos;, os.name: &apos;Windows 7&apos;, os.arch: &apos;amd64&apos;, os.version: &apos;6.1&apos;, java.version: &apos;1.8.0_73&apos;
Driver info: org.openqa.selenium.chrome.ChromeDriver
Capabilities [{mobileEmulationEnabled=false, hasTouchScreen=false, platform=XP, acceptSslCerts=false, goog:chromeOptions={debuggerAddress=localhost:51613}, acceptInsecureCerts=false, webStorageEnabled=true, browserName=chrome, takesScreenshot=true, javascriptEnabled=true, platformName=XP, setWindowRect=true, unexpectedAlertBehaviour=, applicationCacheEnabled=false, rotatable=false, networkConnectionEnabled=false, chrome={chromedriverVersion=2.41.578737 (49da6702b16031c40d63e5618de03a32ff6c197e), userDataDir=C:\Users\hgup22\AppData\Local\Temp\scoped_dir12924_22529}, takesHeapSnapshot=true, unhandledPromptBehavior=, pageLoadStrategy=normal, databaseEnabled=false, handlesAlerts=true, version=73.0.3683.86, browserConnectionEnabled=false, nativeEvents=true, locationContextEnabled=true, cssSelectorsEnabled=true}]
Session ID: 2f3001ac9bdcaaf027853f15f14122ab
*** Element info: {Using=name, value=txtOutstandingBal}
	at sun.reflect.NativeConstructorAccessorImpl.newInstance0(Native Method)
	at sun.reflect.NativeConstructorAccessorImpl.newInstance(NativeConstructorAccessorImpl.java:62)
	at sun.reflect.DelegatingConstructorAccessorImpl.newInstance(DelegatingConstructorAccessorImpl.java:45)
	at java.lang.reflect.Constructor.newInstance(Constructor.java:422)
	at org.openqa.selenium.remote.ErrorHandler.createThrowable(ErrorHandler.java:215)
	at org.openqa.selenium.remote.ErrorHandler.throwIfResponseFailed(ErrorHandler.java:167)
	at org.openqa.selenium.remote.http.JsonHttpResponseCodec.reconstructValue(JsonHttpResponseCodec.java:40)
	at org.openqa.selenium.remote.http.AbstractHttpResponseCodec.decode(AbstractHttpResponseCodec.java:82)
	at org.openqa.selenium.remote.http.AbstractHttpResponseCodec.decode(AbstractHttpResponseCodec.java:45)
	at org.openqa.selenium.remote.HttpCommandExecutor.execute(HttpCommandExecutor.java:164)
	at org.openqa.selenium.remote.service.DriverCommandExecutor.execute(DriverCommandExecutor.java:82)
	at org.openqa.selenium.remote.RemoteWebDriver.execute(RemoteWebDriver.java:646)
	at org.openqa.selenium.remote.RemoteWebDriver.findElement(RemoteWebDriver.java:416)
	at org.openqa.selenium.remote.RemoteWebDriver.findElementByName(RemoteWebDriver.java:494)
	at org.openqa.selenium.By$ByName.findElement(By.java:303)
	at org.openqa.selenium.remote.RemoteWebDriver.findElement(RemoteWebDriver.java:408)
	at featuresSteps.Steps.user_enters_Outstanding_Balance_as(Steps.java:32)
	at ✽.When User enters Outstanding Balance as &quot;450000&quot;(PrepaymentChargeCalculator.feature:21)
</error>
  </testcase>
  <testcase classname="| 450000 | 10 | 5 | Bi-Weekly | 6500 | 6.45 | 7256.25 | 302343.75 |" name="| 450000 | 10 | 5 | Bi-Weekly | 6500 | 6.45 | 7256.25 | 302343.75 |" time="0">
    <error message="no such element: Unable to locate element: {&quot;method&quot;:&quot;name&quot;,&quot;selector&quot;:&quot;txtOutstandingBal&quot;}
  (Session info: chrome=73.0.3683.86)
  (Driver info: chromedriver=2.41.578737 (49da6702b16031c40d63e5618de03a32ff6c197e),platform=Windows NT 6.1.7601 SP1 x86_64) (WARNING: The server did not provide any stacktrace information)
Command duration or timeout: 0 milliseconds
For documentation on this error, please visit: http://seleniumhq.org/exceptions/no_such_element.html
Build info: version: &apos;3.5.3&apos;, revision: &apos;a88d25fe6b&apos;, time: &apos;2017-08-29T12:42:44.417Z&apos;
System info: host: &apos;WKWIN5337880&apos;, ip: &apos;10.0.0.4&apos;, os.name: &apos;Windows 7&apos;, os.arch: &apos;amd64&apos;, os.version: &apos;6.1&apos;, java.version: &apos;1.8.0_73&apos;
Driver info: org.openqa.selenium.chrome.ChromeDriver
Capabilities [{mobileEmulationEnabled=false, hasTouchScreen=false, platform=XP, acceptSslCerts=false, goog:chromeOptions={debuggerAddress=localhost:51613}, acceptInsecureCerts=false, webStorageEnabled=true, browserName=chrome, takesScreenshot=true, javascriptEnabled=true, platformName=XP, setWindowRect=true, unexpectedAlertBehaviour=, applicationCacheEnabled=false, rotatable=false, networkConnectionEnabled=false, chrome={chromedriverVersion=2.41.578737 (49da6702b16031c40d63e5618de03a32ff6c197e), userDataDir=C:\Users\hgup22\AppData\Local\Temp\scoped_dir12924_22529}, takesHeapSnapshot=true, unhandledPromptBehavior=, pageLoadStrategy=normal, databaseEnabled=false, handlesAlerts=true, version=73.0.3683.86, browserConnectionEnabled=false, nativeEvents=true, locationContextEnabled=true, cssSelectorsEnabled=true}]
Session ID: 2f3001ac9bdcaaf027853f15f14122ab
*** Element info: {Using=name, value=txtOutstandingBal}" type="org.openqa.selenium.NoSuchElementException">org.openqa.selenium.NoSuchElementException: no such element: Unable to locate element: {&quot;method&quot;:&quot;name&quot;,&quot;selector&quot;:&quot;txtOutstandingBal&quot;}
  (Session info: chrome=73.0.3683.86)
  (Driver info: chromedriver=2.41.578737 (49da6702b16031c40d63e5618de03a32ff6c197e),platform=Windows NT 6.1.7601 SP1 x86_64) (WARNING: The server did not provide any stacktrace information)
Command duration or timeout: 0 milliseconds
For documentation on this error, please visit: http://seleniumhq.org/exceptions/no_such_element.html
Build info: version: &apos;3.5.3&apos;, revision: &apos;a88d25fe6b&apos;, time: &apos;2017-08-29T12:42:44.417Z&apos;
System info: host: &apos;WKWIN5337880&apos;, ip: &apos;10.0.0.4&apos;, os.name: &apos;Windows 7&apos;, os.arch: &apos;amd64&apos;, os.version: &apos;6.1&apos;, java.version: &apos;1.8.0_73&apos;
Driver info: org.openqa.selenium.chrome.ChromeDriver
Capabilities [{mobileEmulationEnabled=false, hasTouchScreen=false, platform=XP, acceptSslCerts=false, goog:chromeOptions={debuggerAddress=localhost:51613}, acceptInsecureCerts=false, webStorageEnabled=true, browserName=chrome, takesScreenshot=true, javascriptEnabled=true, platformName=XP, setWindowRect=true, unexpectedAlertBehaviour=, applicationCacheEnabled=false, rotatable=false, networkConnectionEnabled=false, chrome={chromedriverVersion=2.41.578737 (49da6702b16031c40d63e5618de03a32ff6c197e), userDataDir=C:\Users\hgup22\AppData\Local\Temp\scoped_dir12924_22529}, takesHeapSnapshot=true, unhandledPromptBehavior=, pageLoadStrategy=normal, databaseEnabled=false, handlesAlerts=true, version=73.0.3683.86, browserConnectionEnabled=false, nativeEvents=true, locationContextEnabled=true, cssSelectorsEnabled=true}]
Session ID: 2f3001ac9bdcaaf027853f15f14122ab
*** Element info: {Using=name, value=txtOutstandingBal}
	at sun.reflect.NativeConstructorAccessorImpl.newInstance0(Native Method)
	at sun.reflect.NativeConstructorAccessorImpl.newInstance(NativeConstructorAccessorImpl.java:62)
	at sun.reflect.DelegatingConstructorAccessorImpl.newInstance(DelegatingConstructorAccessorImpl.java:45)
	at java.lang.reflect.Constructor.newInstance(Constructor.java:422)
	at org.openqa.selenium.remote.ErrorHandler.createThrowable(ErrorHandler.java:215)
	at org.openqa.selenium.remote.ErrorHandler.throwIfResponseFailed(ErrorHandler.java:167)
	at org.openqa.selenium.remote.http.JsonHttpResponseCodec.reconstructValue(JsonHttpResponseCodec.java:40)
	at org.openqa.selenium.remote.http.AbstractHttpResponseCodec.decode(AbstractHttpResponseCodec.java:82)
	at org.openqa.selenium.remote.http.AbstractHttpResponseCodec.decode(AbstractHttpResponseCodec.java:45)
	at org.openqa.selenium.remote.HttpCommandExecutor.execute(HttpCommandExecutor.java:164)
	at org.openqa.selenium.remote.service.DriverCommandExecutor.execute(DriverCommandExecutor.java:82)
	at org.openqa.selenium.remote.RemoteWebDriver.execute(RemoteWebDriver.java:646)
	at org.openqa.selenium.remote.RemoteWebDriver.findElement(RemoteWebDriver.java:416)
	at org.openqa.selenium.remote.RemoteWebDriver.findElementByName(RemoteWebDriver.java:494)
	at org.openqa.selenium.By$ByName.findElement(By.java:303)
	at org.openqa.selenium.remote.RemoteWebDriver.findElement(RemoteWebDriver.java:408)
	at featuresSteps.Steps.user_enters_Outstanding_Balance_as(Steps.java:32)
	at ✽.When User enters Outstanding Balance as &quot;450000&quot;(PrepaymentChargeCalculator.feature:21)
</error>
  </testcase>
  <testcase classname="| 450000 | 10 | 5 | Bi-Weekly | 6500 | 6.45 | 7256.25 | 302343.75 |" name="And Remaining term as &quot;10&quot; years &quot;5&quot; months" time="0.004">
    <skipped/>
  </testcase>
  <testcase classname="| 450000 | 10 | 5 | Bi-Weekly | 6500 | 6.45 | 7256.25 | 302343.75 |" name="And Payment frequency as &quot;Bi-Weekly&quot;" time="0.005">
    <skipped/>
  </testcase>
  <testcase classname="| 450000 | 10 | 5 | Bi-Weekly | 6500 | 6.45 | 7256.25 | 302343.75 |" name="And Payment amount as &quot;6500&quot;" time="0.006">
    <skipped/>
  </testcase>
  <testcase classname="| 450000 | 10 | 5 | Bi-Weekly | 6500 | 6.45 | 7256.25 | 302343.75 |" name="And Current Interest Rate as &quot;6.45&quot;" time="0.006">
    <skipped/>
  </testcase>
  <testcase classname="| 450000 | 10 | 5 | Bi-Weekly | 6500 | 6.45 | 7256.25 | 302343.75 |" name="And click on Calculate Button" time="0.008">
    <skipped/>
  </testcase>
  <testcase classname="| 450000 | 10 | 5 | Bi-Weekly | 6500 | 6.45 | 7256.25 | 302343.75 |" name="Then 3 Month Penalty is &quot;7256.25&quot; displayed" time="0.008">
    <skipped/>
  </testcase>
  <testcase classname="| 450000 | 10 | 5 | Bi-Weekly | 6500 | 6.45 | 7256.25 | 302343.75 |" name="And Interest Rate Differential is &quot;302343.75&quot; displayed" time="0.008">
    <skipped/>
  </testcase>
</testsuite>